TN:
SF:D:\Workarea\iotaeco\iota-pico-api\src\index.ts
FNF:0
FNH:0
LF:0
LH:0
BRF:0
BRH:0
end_of_record
TN:
SF:D:\Workarea\iotaeco\iota-pico-api\src\client\apiClient.ts
FN:58,(anonymous_0)
FN:75,(anonymous_1)
FN:84,(anonymous_2)
FN:93,(anonymous_3)
FN:108,(anonymous_4)
FN:122,(anonymous_5)
FN:133,(anonymous_6)
FN:152,(anonymous_7)
FN:168,(anonymous_8)
FN:189,(anonymous_9)
FN:209,(anonymous_10)
FN:232,(anonymous_11)
FN:255,(anonymous_12)
FN:264,(anonymous_13)
FN:279,(anonymous_14)
FN:294,(anonymous_15)
FN:303,(anonymous_16)
FN:318,(anonymous_17)
FN:329,(anonymous_18)
FN:336,(anonymous_19)
FN:340,(anonymous_20)
FN:360,(anonymous_21)
FNF:22
FNH:22
FNDA:73,(anonymous_0)
FNDA:6,(anonymous_1)
FNDA:1,(anonymous_2)
FNDA:4,(anonymous_3)
FNDA:4,(anonymous_4)
FNDA:1,(anonymous_5)
FNDA:4,(anonymous_6)
FNDA:4,(anonymous_7)
FNDA:6,(anonymous_8)
FNDA:6,(anonymous_9)
FNDA:6,(anonymous_10)
FNDA:10,(anonymous_11)
FNDA:1,(anonymous_12)
FNDA:4,(anonymous_13)
FNDA:4,(anonymous_14)
FNDA:1,(anonymous_15)
FNDA:4,(anonymous_16)
FNDA:4,(anonymous_17)
FNDA:22,(anonymous_18)
FNDA:17,(anonymous_19)
FNDA:5,(anonymous_20)
FNDA:22,(anonymous_21)
DA:1,1
DA:2,1
DA:3,1
DA:4,1
DA:7,1
DA:8,1
DA:41,1
DA:59,73
DA:60,1
DA:62,72
DA:63,1
DA:65,71
DA:66,71
DA:67,71
DA:68,71
DA:76,6
DA:85,1
DA:94,4
DA:95,1
DA:97,3
DA:98,2
DA:100,1
DA:109,4
DA:110,1
DA:112,3
DA:113,2
DA:115,1
DA:123,1
DA:134,4
DA:135,1
DA:137,3
DA:138,3
DA:139,3
DA:140,3
DA:141,3
DA:142,2
DA:144,1
DA:153,4
DA:154,1
DA:156,3
DA:157,2
DA:159,1
DA:169,6
DA:170,1
DA:172,5
DA:173,2
DA:175,3
DA:176,2
DA:178,1
DA:190,6
DA:191,1
DA:193,5
DA:194,2
DA:196,3
DA:197,2
DA:199,1
DA:210,6
DA:211,1
DA:213,5
DA:214,2
DA:216,3
DA:217,1
DA:219,2
DA:220,1
DA:222,1
DA:233,10
DA:234,1
DA:236,9
DA:237,2
DA:239,7
DA:240,2
DA:242,5
DA:243,2
DA:245,3
DA:246,2
DA:248,1
DA:256,1
DA:265,4
DA:266,1
DA:268,3
DA:269,2
DA:271,1
DA:280,4
DA:281,1
DA:283,3
DA:284,2
DA:286,1
DA:295,1
DA:304,4
DA:305,1
DA:307,3
DA:308,2
DA:310,1
DA:319,4
DA:320,1
DA:322,3
DA:323,2
DA:325,1
DA:330,22
DA:331,22
DA:335,22
DA:337,17
DA:338,17
DA:341,5
DA:342,5
DA:343,3
DA:344,3
DA:345,3
DA:346,1
DA:347,1
DA:348,2
DA:349,1
DA:350,1
DA:355,5
DA:361,22
DA:362,22
DA:363,22
LF:117
LH:117
BRDA:58,0,0,72
BRDA:59,1,0,1
BRDA:59,1,1,72
BRDA:62,2,0,1
BRDA:62,2,1,71
BRDA:68,3,0,71
BRDA:68,3,1,71
BRDA:94,4,0,1
BRDA:94,4,1,3
BRDA:97,5,0,2
BRDA:97,5,1,1
BRDA:109,6,0,1
BRDA:109,6,1,3
BRDA:112,7,0,2
BRDA:112,7,1,1
BRDA:134,8,0,1
BRDA:134,8,1,3
BRDA:141,9,0,2
BRDA:141,9,1,1
BRDA:141,10,0,3
BRDA:141,10,1,3
BRDA:141,10,2,2
BRDA:141,10,3,2
BRDA:153,11,0,1
BRDA:153,11,1,3
BRDA:156,12,0,2
BRDA:156,12,1,1
BRDA:169,13,0,1
BRDA:169,13,1,5
BRDA:172,14,0,2
BRDA:172,14,1,3
BRDA:175,15,0,2
BRDA:175,15,1,1
BRDA:190,16,0,1
BRDA:190,16,1,5
BRDA:193,17,0,2
BRDA:193,17,1,3
BRDA:196,18,0,2
BRDA:196,18,1,1
BRDA:210,19,0,1
BRDA:210,19,1,5
BRDA:213,20,0,2
BRDA:213,20,1,3
BRDA:216,21,0,1
BRDA:216,21,1,2
BRDA:216,22,0,3
BRDA:216,22,1,1
BRDA:219,23,0,1
BRDA:219,23,1,1
BRDA:219,24,0,2
BRDA:219,24,1,1
BRDA:233,25,0,1
BRDA:233,25,1,9
BRDA:236,26,0,2
BRDA:236,26,1,7
BRDA:239,27,0,2
BRDA:239,27,1,5
BRDA:242,28,0,2
BRDA:242,28,1,3
BRDA:245,29,0,2
BRDA:245,29,1,1
BRDA:265,30,0,1
BRDA:265,30,1,3
BRDA:268,31,0,2
BRDA:268,31,1,1
BRDA:280,32,0,1
BRDA:280,32,1,3
BRDA:283,33,0,2
BRDA:283,33,1,1
BRDA:304,34,0,1
BRDA:304,34,1,3
BRDA:307,35,0,2
BRDA:307,35,1,1
BRDA:319,36,0,1
BRDA:319,36,1,3
BRDA:322,37,0,2
BRDA:322,37,1,1
BRDA:342,38,0,3
BRDA:342,38,1,2
BRDA:342,39,0,5
BRDA:342,39,1,4
BRDA:345,40,0,1
BRDA:345,40,1,2
BRDA:348,41,0,1
BRDA:348,41,1,1
BRDA:361,42,0,22
BRDA:361,42,1,22
BRF:87
BRH:87
end_of_record
TN:
SF:D:\Workarea\iotaeco\iota-pico-api\src\error\apiError.ts
FN:13,(anonymous_0)
FNF:1
FNH:1
FNDA:51,(anonymous_0)
DA:14,1
DA:15,1
LF:2
LH:2
BRF:0
BRH:0
end_of_record
TN:
SF:D:\Workarea\iotaeco\iota-pico-api\src\interfaces\IApiClient.ts
FNF:0
FNH:0
LF:0
LH:0
BRF:0
BRH:0
end_of_record
TN:
SF:D:\Workarea\iotaeco\iota-pico-api\src\models\IAddNeighborsRequest.ts
FNF:0
FNH:0
LF:0
LH:0
BRF:0
BRH:0
end_of_record
TN:
SF:D:\Workarea\iotaeco\iota-pico-api\src\models\IAddNeighborsResponse.ts
FNF:0
FNH:0
LF:0
LH:0
BRF:0
BRH:0
end_of_record
TN:
SF:D:\Workarea\iotaeco\iota-pico-api\src\models\IAttachToTangleRequest.ts
FNF:0
FNH:0
LF:0
LH:0
BRF:0
BRH:0
end_of_record
TN:
SF:D:\Workarea\iotaeco\iota-pico-api\src\models\IAttachToTangleResponse.ts
FNF:0
FNH:0
LF:0
LH:0
BRF:0
BRH:0
end_of_record
TN:
SF:D:\Workarea\iotaeco\iota-pico-api\src\models\IBroadcastTransactionsRequest.ts
FNF:0
FNH:0
LF:0
LH:0
BRF:0
BRH:0
end_of_record
TN:
SF:D:\Workarea\iotaeco\iota-pico-api\src\models\ICheckConsistencyRequest.ts
FNF:0
FNH:0
LF:0
LH:0
BRF:0
BRH:0
end_of_record
TN:
SF:D:\Workarea\iotaeco\iota-pico-api\src\models\ICheckConsistencyResponse.ts
FNF:0
FNH:0
LF:0
LH:0
BRF:0
BRH:0
end_of_record
TN:
SF:D:\Workarea\iotaeco\iota-pico-api\src\models\ICommonResponse.ts
FNF:0
FNH:0
LF:0
LH:0
BRF:0
BRH:0
end_of_record
TN:
SF:D:\Workarea\iotaeco\iota-pico-api\src\models\IFindTransactionsRequest.ts
FNF:0
FNH:0
LF:0
LH:0
BRF:0
BRH:0
end_of_record
TN:
SF:D:\Workarea\iotaeco\iota-pico-api\src\models\IFindTransactionsResponse.ts
FNF:0
FNH:0
LF:0
LH:0
BRF:0
BRH:0
end_of_record
TN:
SF:D:\Workarea\iotaeco\iota-pico-api\src\models\IGetBalancesRequest.ts
FNF:0
FNH:0
LF:0
LH:0
BRF:0
BRH:0
end_of_record
TN:
SF:D:\Workarea\iotaeco\iota-pico-api\src\models\IGetBalancesResponse.ts
FNF:0
FNH:0
LF:0
LH:0
BRF:0
BRH:0
end_of_record
TN:
SF:D:\Workarea\iotaeco\iota-pico-api\src\models\IGetInclusionStatesRequest.ts
FNF:0
FNH:0
LF:0
LH:0
BRF:0
BRH:0
end_of_record
TN:
SF:D:\Workarea\iotaeco\iota-pico-api\src\models\IGetInclusionStatesResponse.ts
FNF:0
FNH:0
LF:0
LH:0
BRF:0
BRH:0
end_of_record
TN:
SF:D:\Workarea\iotaeco\iota-pico-api\src\models\IGetMissingTransactionsResponse.ts
FNF:0
FNH:0
LF:0
LH:0
BRF:0
BRH:0
end_of_record
TN:
SF:D:\Workarea\iotaeco\iota-pico-api\src\models\IGetNeighborsResponse.ts
FNF:0
FNH:0
LF:0
LH:0
BRF:0
BRH:0
end_of_record
TN:
SF:D:\Workarea\iotaeco\iota-pico-api\src\models\IGetNodeInfoResponse.ts
FNF:0
FNH:0
LF:0
LH:0
BRF:0
BRH:0
end_of_record
TN:
SF:D:\Workarea\iotaeco\iota-pico-api\src\models\IGetTipsResponse.ts
FNF:0
FNH:0
LF:0
LH:0
BRF:0
BRH:0
end_of_record
TN:
SF:D:\Workarea\iotaeco\iota-pico-api\src\models\IGetTransactionsToApproveRequest.ts
FNF:0
FNH:0
LF:0
LH:0
BRF:0
BRH:0
end_of_record
TN:
SF:D:\Workarea\iotaeco\iota-pico-api\src\models\IGetTransactionsToApproveResponse.ts
FNF:0
FNH:0
LF:0
LH:0
BRF:0
BRH:0
end_of_record
TN:
SF:D:\Workarea\iotaeco\iota-pico-api\src\models\IGetTrytesRequest.ts
FNF:0
FNH:0
LF:0
LH:0
BRF:0
BRH:0
end_of_record
TN:
SF:D:\Workarea\iotaeco\iota-pico-api\src\models\IGetTrytesResponse.ts
FNF:0
FNH:0
LF:0
LH:0
BRF:0
BRH:0
end_of_record
TN:
SF:D:\Workarea\iotaeco\iota-pico-api\src\models\INeighbor.ts
FNF:0
FNH:0
LF:0
LH:0
BRF:0
BRH:0
end_of_record
TN:
SF:D:\Workarea\iotaeco\iota-pico-api\src\models\IRemoveNeighborsRequest.ts
FNF:0
FNH:0
LF:0
LH:0
BRF:0
BRH:0
end_of_record
TN:
SF:D:\Workarea\iotaeco\iota-pico-api\src\models\IRemoveNeighborsResponse.ts
FNF:0
FNH:0
LF:0
LH:0
BRF:0
BRH:0
end_of_record
TN:
SF:D:\Workarea\iotaeco\iota-pico-api\src\models\IStoreTransactionsRequest.ts
FNF:0
FNH:0
LF:0
LH:0
BRF:0
BRH:0
end_of_record
TN:
SF:D:\Workarea\iotaeco\iota-pico-api\src\models\IWereAddressesSpentFromRequest.ts
FNF:0
FNH:0
LF:0
LH:0
BRF:0
BRH:0
end_of_record
TN:
SF:D:\Workarea\iotaeco\iota-pico-api\src\models\IWereAddressesSpentFromResponse.ts
FNF:0
FNH:0
LF:0
LH:0
BRF:0
BRH:0
end_of_record
