TN:
SF:D:\Workarea\iota.eco\iota-pico\api\src\index.ts
FNF:0
FNH:0
LF:0
LH:0
BRF:0
BRH:0
end_of_record
TN:
SF:D:\Workarea\iota.eco\iota-pico\api\src\client\apiClient.ts
FN:58,(anonymous_0)
FN:75,(anonymous_1)
FN:84,(anonymous_2)
FN:94,(anonymous_3)
FN:110,(anonymous_4)
FN:124,(anonymous_5)
FN:136,(anonymous_6)
FN:156,(anonymous_7)
FN:173,(anonymous_8)
FN:194,(anonymous_9)
FN:214,(anonymous_10)
FN:237,(anonymous_11)
FN:260,(anonymous_12)
FN:269,(anonymous_13)
FN:284,(anonymous_14)
FN:299,(anonymous_15)
FN:308,(anonymous_16)
FN:323,(anonymous_17)
FN:334,(anonymous_18)
FN:341,(anonymous_19)
FN:345,(anonymous_20)
FN:365,(anonymous_21)
FNF:22
FNH:22
FNDA:73,(anonymous_0)
FNDA:6,(anonymous_1)
FNDA:1,(anonymous_2)
FNDA:4,(anonymous_3)
FNDA:4,(anonymous_4)
FNDA:1,(anonymous_5)
FNDA:4,(anonymous_6)
FNDA:4,(anonymous_7)
FNDA:6,(anonymous_8)
FNDA:6,(anonymous_9)
FNDA:6,(anonymous_10)
FNDA:10,(anonymous_11)
FNDA:1,(anonymous_12)
FNDA:4,(anonymous_13)
FNDA:4,(anonymous_14)
FNDA:1,(anonymous_15)
FNDA:4,(anonymous_16)
FNDA:4,(anonymous_17)
FNDA:22,(anonymous_18)
FNDA:17,(anonymous_19)
FNDA:5,(anonymous_20)
FNDA:22,(anonymous_21)
DA:1,1
DA:2,1
DA:3,1
DA:4,1
DA:7,1
DA:8,1
DA:41,1
DA:59,73
DA:60,1
DA:62,72
DA:63,1
DA:65,71
DA:66,71
DA:67,71
DA:68,71
DA:76,6
DA:85,1
DA:95,4
DA:96,1
DA:98,3
DA:99,2
DA:101,1
DA:111,4
DA:112,1
DA:114,3
DA:115,2
DA:117,1
DA:125,1
DA:137,4
DA:138,1
DA:140,3
DA:141,3
DA:142,3
DA:143,3
DA:144,3
DA:145,2
DA:147,1
DA:157,4
DA:158,1
DA:160,3
DA:161,2
DA:163,1
DA:174,6
DA:175,1
DA:177,5
DA:178,2
DA:180,3
DA:181,2
DA:183,1
DA:195,6
DA:196,1
DA:198,5
DA:199,2
DA:201,3
DA:202,2
DA:204,1
DA:215,6
DA:216,1
DA:218,5
DA:219,2
DA:221,3
DA:222,1
DA:224,2
DA:225,1
DA:227,1
DA:238,10
DA:239,1
DA:241,9
DA:242,2
DA:244,7
DA:245,2
DA:247,5
DA:248,2
DA:250,3
DA:251,2
DA:253,1
DA:261,1
DA:270,4
DA:271,1
DA:273,3
DA:274,2
DA:276,1
DA:285,4
DA:286,1
DA:288,3
DA:289,2
DA:291,1
DA:300,1
DA:309,4
DA:310,1
DA:312,3
DA:313,2
DA:315,1
DA:324,4
DA:325,1
DA:327,3
DA:328,2
DA:330,1
DA:335,22
DA:336,22
DA:340,22
DA:342,17
DA:343,17
DA:346,5
DA:347,5
DA:348,3
DA:349,3
DA:350,3
DA:351,1
DA:352,1
DA:353,2
DA:354,1
DA:355,1
DA:360,5
DA:366,22
DA:367,22
DA:368,22
LF:117
LH:117
BRDA:58,0,0,72
BRDA:59,1,0,1
BRDA:59,1,1,72
BRDA:62,2,0,1
BRDA:62,2,1,71
BRDA:68,3,0,71
BRDA:68,3,1,71
BRDA:95,4,0,1
BRDA:95,4,1,3
BRDA:98,5,0,2
BRDA:98,5,1,1
BRDA:111,6,0,1
BRDA:111,6,1,3
BRDA:114,7,0,2
BRDA:114,7,1,1
BRDA:137,8,0,1
BRDA:137,8,1,3
BRDA:144,9,0,2
BRDA:144,9,1,1
BRDA:144,10,0,3
BRDA:144,10,1,3
BRDA:144,10,2,2
BRDA:144,10,3,2
BRDA:157,11,0,1
BRDA:157,11,1,3
BRDA:160,12,0,2
BRDA:160,12,1,1
BRDA:174,13,0,1
BRDA:174,13,1,5
BRDA:177,14,0,2
BRDA:177,14,1,3
BRDA:180,15,0,2
BRDA:180,15,1,1
BRDA:195,16,0,1
BRDA:195,16,1,5
BRDA:198,17,0,2
BRDA:198,17,1,3
BRDA:201,18,0,2
BRDA:201,18,1,1
BRDA:215,19,0,1
BRDA:215,19,1,5
BRDA:218,20,0,2
BRDA:218,20,1,3
BRDA:221,21,0,1
BRDA:221,21,1,2
BRDA:221,22,0,3
BRDA:221,22,1,1
BRDA:224,23,0,1
BRDA:224,23,1,1
BRDA:224,24,0,2
BRDA:224,24,1,1
BRDA:238,25,0,1
BRDA:238,25,1,9
BRDA:241,26,0,2
BRDA:241,26,1,7
BRDA:244,27,0,2
BRDA:244,27,1,5
BRDA:247,28,0,2
BRDA:247,28,1,3
BRDA:250,29,0,2
BRDA:250,29,1,1
BRDA:270,30,0,1
BRDA:270,30,1,3
BRDA:273,31,0,2
BRDA:273,31,1,1
BRDA:285,32,0,1
BRDA:285,32,1,3
BRDA:288,33,0,2
BRDA:288,33,1,1
BRDA:309,34,0,1
BRDA:309,34,1,3
BRDA:312,35,0,2
BRDA:312,35,1,1
BRDA:324,36,0,1
BRDA:324,36,1,3
BRDA:327,37,0,2
BRDA:327,37,1,1
BRDA:347,38,0,3
BRDA:347,38,1,2
BRDA:347,39,0,5
BRDA:347,39,1,4
BRDA:350,40,0,1
BRDA:350,40,1,2
BRDA:353,41,0,1
BRDA:353,41,1,1
BRDA:366,42,0,22
BRDA:366,42,1,22
BRF:87
BRH:87
end_of_record
TN:
SF:D:\Workarea\iota.eco\iota-pico\api\src\error\apiError.ts
FN:13,(anonymous_0)
FNF:1
FNH:1
FNDA:51,(anonymous_0)
DA:1,1
DA:6,1
DA:14,51
DA:15,51
LF:4
LH:4
BRF:0
BRH:0
end_of_record
TN:
SF:D:\Workarea\iota.eco\iota-pico\api\src\interfaces\IApiClient.ts
FNF:0
FNH:0
LF:0
LH:0
BRF:0
BRH:0
end_of_record
TN:
SF:D:\Workarea\iota.eco\iota-pico\api\src\models\IAddNeighborsRequest.ts
FNF:0
FNH:0
LF:0
LH:0
BRF:0
BRH:0
end_of_record
TN:
SF:D:\Workarea\iota.eco\iota-pico\api\src\models\IAddNeighborsResponse.ts
FNF:0
FNH:0
LF:0
LH:0
BRF:0
BRH:0
end_of_record
TN:
SF:D:\Workarea\iota.eco\iota-pico\api\src\models\IAttachToTangleRequest.ts
FNF:0
FNH:0
LF:0
LH:0
BRF:0
BRH:0
end_of_record
TN:
SF:D:\Workarea\iota.eco\iota-pico\api\src\models\IAttachToTangleResponse.ts
FNF:0
FNH:0
LF:0
LH:0
BRF:0
BRH:0
end_of_record
TN:
SF:D:\Workarea\iota.eco\iota-pico\api\src\models\IBroadcastTransactionsRequest.ts
FNF:0
FNH:0
LF:0
LH:0
BRF:0
BRH:0
end_of_record
TN:
SF:D:\Workarea\iota.eco\iota-pico\api\src\models\ICheckConsistencyRequest.ts
FNF:0
FNH:0
LF:0
LH:0
BRF:0
BRH:0
end_of_record
TN:
SF:D:\Workarea\iota.eco\iota-pico\api\src\models\ICheckConsistencyResponse.ts
FNF:0
FNH:0
LF:0
LH:0
BRF:0
BRH:0
end_of_record
TN:
SF:D:\Workarea\iota.eco\iota-pico\api\src\models\ICommonResponse.ts
FNF:0
FNH:0
LF:0
LH:0
BRF:0
BRH:0
end_of_record
TN:
SF:D:\Workarea\iota.eco\iota-pico\api\src\models\IFindTransactionsRequest.ts
FNF:0
FNH:0
LF:0
LH:0
BRF:0
BRH:0
end_of_record
TN:
SF:D:\Workarea\iota.eco\iota-pico\api\src\models\IFindTransactionsResponse.ts
FNF:0
FNH:0
LF:0
LH:0
BRF:0
BRH:0
end_of_record
TN:
SF:D:\Workarea\iota.eco\iota-pico\api\src\models\IGetBalancesRequest.ts
FNF:0
FNH:0
LF:0
LH:0
BRF:0
BRH:0
end_of_record
TN:
SF:D:\Workarea\iota.eco\iota-pico\api\src\models\IGetBalancesResponse.ts
FNF:0
FNH:0
LF:0
LH:0
BRF:0
BRH:0
end_of_record
TN:
SF:D:\Workarea\iota.eco\iota-pico\api\src\models\IGetInclusionStatesRequest.ts
FNF:0
FNH:0
LF:0
LH:0
BRF:0
BRH:0
end_of_record
TN:
SF:D:\Workarea\iota.eco\iota-pico\api\src\models\IGetInclusionStatesResponse.ts
FNF:0
FNH:0
LF:0
LH:0
BRF:0
BRH:0
end_of_record
TN:
SF:D:\Workarea\iota.eco\iota-pico\api\src\models\IGetMissingTransactionsResponse.ts
FNF:0
FNH:0
LF:0
LH:0
BRF:0
BRH:0
end_of_record
TN:
SF:D:\Workarea\iota.eco\iota-pico\api\src\models\IGetNeighborsResponse.ts
FNF:0
FNH:0
LF:0
LH:0
BRF:0
BRH:0
end_of_record
TN:
SF:D:\Workarea\iota.eco\iota-pico\api\src\models\IGetNodeInfoResponse.ts
FNF:0
FNH:0
LF:0
LH:0
BRF:0
BRH:0
end_of_record
TN:
SF:D:\Workarea\iota.eco\iota-pico\api\src\models\IGetTipsResponse.ts
FNF:0
FNH:0
LF:0
LH:0
BRF:0
BRH:0
end_of_record
TN:
SF:D:\Workarea\iota.eco\iota-pico\api\src\models\IGetTransactionsToApproveRequest.ts
FNF:0
FNH:0
LF:0
LH:0
BRF:0
BRH:0
end_of_record
TN:
SF:D:\Workarea\iota.eco\iota-pico\api\src\models\IGetTransactionsToApproveResponse.ts
FNF:0
FNH:0
LF:0
LH:0
BRF:0
BRH:0
end_of_record
TN:
SF:D:\Workarea\iota.eco\iota-pico\api\src\models\IGetTrytesRequest.ts
FNF:0
FNH:0
LF:0
LH:0
BRF:0
BRH:0
end_of_record
TN:
SF:D:\Workarea\iota.eco\iota-pico\api\src\models\IGetTrytesResponse.ts
FNF:0
FNH:0
LF:0
LH:0
BRF:0
BRH:0
end_of_record
TN:
SF:D:\Workarea\iota.eco\iota-pico\api\src\models\INeighbor.ts
FNF:0
FNH:0
LF:0
LH:0
BRF:0
BRH:0
end_of_record
TN:
SF:D:\Workarea\iota.eco\iota-pico\api\src\models\IRemoveNeighborsRequest.ts
FNF:0
FNH:0
LF:0
LH:0
BRF:0
BRH:0
end_of_record
TN:
SF:D:\Workarea\iota.eco\iota-pico\api\src\models\IRemoveNeighborsResponse.ts
FNF:0
FNH:0
LF:0
LH:0
BRF:0
BRH:0
end_of_record
TN:
SF:D:\Workarea\iota.eco\iota-pico\api\src\models\IStoreTransactionsRequest.ts
FNF:0
FNH:0
LF:0
LH:0
BRF:0
BRH:0
end_of_record
TN:
SF:D:\Workarea\iota.eco\iota-pico\api\src\models\IWereAddressesSpentFromRequest.ts
FNF:0
FNH:0
LF:0
LH:0
BRF:0
BRH:0
end_of_record
TN:
SF:D:\Workarea\iota.eco\iota-pico\api\src\models\IWereAddressesSpentFromResponse.ts
FNF:0
FNH:0
LF:0
LH:0
BRF:0
BRH:0
end_of_record
